TN:
SF:src/core/domain/reservation/index.ts
FN:54,validateCreateReservationInput
FN:107,checkEmployeeAvailability
FN:148,(anonymous_2)
FN:172,checkRoomAvailability
FN:181,(anonymous_4)
FN:188,(anonymous_5)
FN:208,checkClosureConflict
FN:256,checkCancellationPolicy
FN:283,checkReschedulingPolicy
FN:333,calculateReservationEndTime
FN:344,buildReservationGSIKeys
FNF:11
FNH:11
FNDA:11,validateCreateReservationInput
FNDA:10,checkEmployeeAvailability
FNDA:5,(anonymous_2)
FNDA:10,checkRoomAvailability
FNDA:12,(anonymous_4)
FNDA:9,(anonymous_5)
FNDA:8,checkClosureConflict
FNDA:4,checkCancellationPolicy
FNDA:7,checkReschedulingPolicy
FNDA:5,calculateReservationEndTime
FNDA:2,buildReservationGSIKeys
DA:8,1
DA:13,1
DA:54,1
DA:57,11
DA:58,2
DA:63,9
DA:64,1
DA:69,8
DA:70,1
DA:75,7
DA:76,1
DA:81,6
DA:82,2
DA:87,4
DA:88,2
DA:94,2
DA:107,1
DA:116,10
DA:117,10
DA:119,10
DA:120,1
DA:129,9
DA:130,3
DA:131,3
DA:132,3
DA:133,3
DA:135,3
DA:136,2
DA:147,7
DA:149,5
DA:154,7
DA:155,2
DA:156,1
DA:166,6
DA:172,1
DA:180,10
DA:182,12
DA:188,10
DA:189,9
DA:192,10
DA:193,3
DA:202,7
DA:208,1
DA:214,8
DA:215,7
DA:216,3
DA:226,4
DA:231,3
DA:243,2
DA:256,1
DA:260,4
DA:266,4
DA:267,3
DA:268,3
DA:277,1
DA:283,1
DA:291,7
DA:294,7
DA:295,1
DA:299,6
DA:300,3
DA:310,3
DA:316,3
DA:317,2
DA:318,2
DA:327,1
DA:333,1
DA:337,5
DA:338,5
DA:344,1
DA:355,2
LF:71
LH:71
BRDA:57,0,0,2
BRDA:63,1,0,1
BRDA:69,2,0,1
BRDA:75,3,0,1
BRDA:81,4,0,2
BRDA:81,5,0,6
BRDA:81,5,1,6
BRDA:87,6,0,2
BRDA:87,7,0,4
BRDA:87,7,1,4
BRDA:119,8,0,1
BRDA:119,9,0,10
BRDA:119,9,1,4
BRDA:129,10,0,3
BRDA:135,11,0,2
BRDA:135,12,0,3
BRDA:135,12,1,2
BRDA:149,13,0,5
BRDA:149,13,1,4
BRDA:149,13,2,3
BRDA:155,14,0,1
BRDA:182,15,0,12
BRDA:182,15,1,11
BRDA:182,15,2,10
BRDA:192,16,0,3
BRDA:215,17,0,3
BRDA:219,18,0,2
BRDA:219,18,1,1
BRDA:226,19,0,3
BRDA:227,20,0,4
BRDA:227,20,1,4
BRDA:227,20,2,4
BRDA:235,21,0,2
BRDA:235,21,1,1
BRDA:266,22,0,3
BRDA:271,23,0,2
BRDA:271,23,1,1
BRDA:291,24,0,7
BRDA:291,24,1,6
BRDA:291,24,2,2
BRDA:291,24,3,2
BRDA:294,25,0,1
BRDA:299,26,0,3
BRDA:316,27,0,2
BRDA:321,28,0,1
BRDA:321,28,1,1
BRF:46
BRH:46
end_of_record
TN:
SF:src/core/shared/crypto.ts
FN:14,generateSecretToken
FN:22,hashSecret
FN:29,verifySecret
FN:46,createWebhookSignature
FN:53,verifyWebhookSignature
FN:81,signWebhookPayload
FNF:6
FNH:6
FNDA:3,generateSecretToken
FNDA:12,hashSecret
FNDA:4,verifySecret
FNDA:34,createWebhookSignature
FNDA:9,verifyWebhookSignature
FNDA:9,signWebhookPayload
DA:1,4
DA:7,4
DA:8,4
DA:14,4
DA:15,3
DA:22,4
DA:23,12
DA:29,4
DA:30,4
DA:32,4
DA:33,1
DA:35,3
DA:36,3
DA:37,192
DA:39,3
DA:46,4
DA:47,34
DA:53,4
DA:58,9
DA:61,9
DA:62,1
DA:64,8
DA:65,8
DA:66,512
DA:68,8
DA:81,4
DA:82,9
DA:83,9
DA:84,9
DA:85,9
DA:87,9
DA:98,4
DA:105,10
DA:106,10
DA:107,10
DA:109,10
DA:110,17
DA:111,17
DA:112,8
DA:113,9
DA:114,8
DA:118,10
DA:119,3
DA:123,7
DA:124,7
DA:125,2
DA:129,5
DA:130,5
DA:132,5
DA:133,2
DA:136,3
LF:51
LH:51
BRDA:32,0,0,1
BRDA:61,1,0,1
BRDA:102,2,0,9
BRDA:111,3,0,8
BRDA:111,3,1,9
BRDA:113,4,0,8
BRDA:118,5,0,3
BRDA:118,6,0,10
BRDA:118,6,1,8
BRDA:124,7,0,2
BRDA:132,8,0,2
BRF:11
BRH:11
end_of_record
TN:
SF:src/core/shared/errors.ts
FN:16,(anonymous_0)
FN:19,(anonymous_1)
FN:22,(anonymous_2)
FN:32,(anonymous_3)
FN:35,(anonymous_4)
FN:45,(anonymous_5)
FN:48,(anonymous_6)
FN:57,(anonymous_7)
FN:60,(anonymous_8)
FN:69,(anonymous_9)
FN:72,(anonymous_10)
FN:83,(anonymous_11)
FN:86,(anonymous_12)
FN:96,(anonymous_13)
FN:99,(anonymous_14)
FN:116,errorToResponse
FNF:16
FNH:16
FNDA:12,(anonymous_0)
FNDA:11,(anonymous_1)
FNDA:11,(anonymous_2)
FNDA:15,(anonymous_3)
FNDA:15,(anonymous_4)
FNDA:2,(anonymous_5)
FNDA:2,(anonymous_6)
FNDA:2,(anonymous_7)
FNDA:2,(anonymous_8)
FNDA:2,(anonymous_9)
FNDA:2,(anonymous_10)
FNDA:2,(anonymous_11)
FNDA:2,(anonymous_12)
FNDA:2,(anonymous_13)
FNDA:2,(anonymous_14)
FNDA:29,errorToResponse
DA:1,5
DA:4,5
DA:12,5
DA:17,12
DA:20,11
DA:23,11
DA:28,5
DA:33,15
DA:36,15
DA:41,5
DA:46,2
DA:49,2
DA:54,5
DA:58,2
DA:61,2
DA:65,5
DA:70,2
DA:73,2
DA:78,5
DA:84,2
DA:87,2
DA:92,5
DA:97,2
DA:100,2
DA:116,5
DA:117,29
LF:26
LH:26
BRF:0
BRH:0
end_of_record
TN:
SF:src/core/shared/events.ts
FN:22,emitWebhookEvent
FN:51,emitReservationEvent
FN:66,emitClientEvent
FNF:3
FNH:3
FNDA:10,emitWebhookEvent
FNDA:4,emitReservationEvent
FNDA:2,emitClientEvent
DA:1,1
DA:7,1
DA:9,1
DA:22,1
DA:23,10
DA:35,10
DA:36,10
DA:41,8
DA:43,2
DA:51,1
DA:56,4
DA:66,1
DA:71,2
LF:13
LH:13
BRDA:9,0,0,1
BRDA:9,0,1,1
BRDA:30,1,0,10
BRDA:30,1,1,9
BRF:4
BRH:4
end_of_record
TN:
SF:src/core/shared/utils.ts
FN:6,generateId
FN:13,buildKey
FN:20,parseKey
FN:27,formatDate
FN:34,formatTime
FN:41,timeToMinutes
FN:49,minutesToTime
FN:58,timeRangesOverlap
FN:75,addMinutesToTime
FN:83,roundToSlot
FN:92,getDayOfWeek
FN:102,isWithinCancellationDeadline
FN:118,getHoursUntilReservation
FNF:13
FNH:13
FNDA:11,generateId
FNDA:4,buildKey
FNDA:3,parseKey
FNDA:3,formatDate
FNDA:4,formatTime
FNDA:142,timeToMinutes
FNDA:32,minutesToTime
FNDA:25,timeRangesOverlap
FNDA:11,addMinutesToTime
FNDA:13,roundToSlot
FNDA:14,getDayOfWeek
FNDA:12,isWithinCancellationDeadline
FNDA:9,getHoursUntilReservation
DA:1,5
DA:6,5
DA:7,11
DA:13,5
DA:14,4
DA:20,5
DA:21,3
DA:27,5
DA:28,3
DA:34,5
DA:35,4
DA:41,5
DA:42,142
DA:43,142
DA:49,5
DA:50,32
DA:51,32
DA:52,32
DA:58,5
DA:64,25
DA:65,25
DA:66,25
DA:67,25
DA:69,25
DA:75,5
DA:76,11
DA:77,11
DA:83,5
DA:84,13
DA:85,13
DA:86,13
DA:92,5
DA:93,14
DA:94,14
DA:95,14
DA:102,5
DA:107,12
DA:108,12
DA:109,12
DA:112,12
DA:118,5
DA:122,9
DA:123,9
DA:124,9
DA:125,9
LF:45
LH:45
BRDA:69,0,0,25
BRDA:69,0,1,22
BRF:2
BRH:2
end_of_record
TN:
SF:src/functions/api/index.ts
FN:291,matchRoute
FN:301,(anonymous_1)
FN:310,getSpaId
FN:317,handler
FN:356,(anonymous_4)
FNF:5
FNH:5
FNDA:48,matchRoute
FNDA:18,(anonymous_1)
FNDA:46,getSpaId
FNDA:48,handler
FNDA:22,(anonymous_4)
DA:2,3
DA:3,3
DA:6,3
DA:7,3
DA:8,3
DA:9,3
DA:10,3
DA:11,3
DA:12,3
DA:13,3
DA:28,3
DA:295,48
DA:296,615
DA:298,171
DA:299,171
DA:300,46
DA:301,46
DA:302,18
DA:304,46
DA:307,2
DA:313,46
DA:314,46
DA:317,3
DA:321,48
DA:322,48
DA:324,48
DA:327,48
DA:329,48
DA:330,2
DA:338,46
DA:339,46
DA:340,1
DA:348,45
DA:351,45
DA:353,45
DA:356,22
DA:360,45
LF:37
LH:37
BRDA:296,0,0,444
BRDA:299,1,0,46
BRDA:314,2,0,46
BRDA:314,2,1,1
BRDA:329,3,0,2
BRDA:339,4,0,1
BRF:6
BRH:6
end_of_record
TN:
SF:src/functions/api/routes/clients.ts
FN:27,jsonResponse
FN:36,parseBody
FN:38,(anonymous_2)
FN:39,(anonymous_3)
FN:47,validateCreateClient
FN:67,(anonymous_5)
FN:75,(anonymous_6)
FN:86,(anonymous_7)
FN:91,(anonymous_8)
FN:96,(anonymous_9)
FN:105,(anonymous_10)
FN:123,(anonymous_11)
FN:124,(anonymous_12)
FN:126,(anonymous_13)
FN:133,(anonymous_14)
FN:141,(anonymous_15)
FN:145,(anonymous_16)
FN:147,(anonymous_17)
FN:156,(anonymous_18)
FN:164,(anonymous_19)
FN:167,(anonymous_20)
FN:171,(anonymous_21)
FN:173,(anonymous_22)
FN:178,(anonymous_23)
FN:195,(anonymous_24)
FN:196,(anonymous_25)
FN:198,(anonymous_26)
FN:207,(anonymous_27)
FN:215,(anonymous_28)
FN:219,(anonymous_29)
FN:221,(anonymous_30)
FN:226,(anonymous_31)
FN:228,(anonymous_32)
FN:232,(anonymous_33)
FN:235,(anonymous_34)
FNF:35
FNH:27
FNDA:10,jsonResponse
FNDA:11,parseBody
FNDA:11,(anonymous_2)
FNDA:0,(anonymous_3)
FNDA:9,validateCreateClient
FNDA:2,(anonymous_5)
FNDA:2,(anonymous_6)
FNDA:0,(anonymous_7)
FNDA:2,(anonymous_8)
FNDA:9,(anonymous_9)
FNDA:5,(anonymous_10)
FNDA:5,(anonymous_11)
FNDA:0,(anonymous_12)
FNDA:5,(anonymous_13)
FNDA:2,(anonymous_14)
FNDA:2,(anonymous_15)
FNDA:0,(anonymous_16)
FNDA:2,(anonymous_17)
FNDA:2,(anonymous_18)
FNDA:2,(anonymous_19)
FNDA:2,(anonymous_20)
FNDA:0,(anonymous_21)
FNDA:2,(anonymous_22)
FNDA:1,(anonymous_23)
FNDA:1,(anonymous_24)
FNDA:0,(anonymous_25)
FNDA:1,(anonymous_26)
FNDA:2,(anonymous_27)
FNDA:2,(anonymous_28)
FNDA:0,(anonymous_29)
FNDA:2,(anonymous_30)
FNDA:1,(anonymous_31)
FNDA:1,(anonymous_32)
FNDA:0,(anonymous_33)
FNDA:1,(anonymous_34)
DA:2,3
DA:3,3
DA:4,3
DA:5,3
DA:6,3
DA:7,3
DA:8,3
DA:9,3
DA:10,3
DA:11,3
DA:28,10
DA:37,11
DA:38,11
DA:40,0
DA:48,9
DA:49,1
DA:51,8
DA:52,1
DA:54,7
DA:55,1
DA:58,6
DA:59,6
DA:60,1
DA:62,5
DA:65,3
DA:71,2
DA:73,2
DA:76,2
DA:84,2
DA:87,0
DA:88,0
DA:91,2
DA:100,9
DA:102,9
DA:106,5
DA:107,5
DA:121,5
DA:123,5
DA:124,0
DA:126,5
DA:137,2
DA:139,2
DA:142,2
DA:145,0
DA:148,2
DA:160,2
DA:162,2
DA:165,2
DA:168,2
DA:171,0
DA:174,2
DA:179,1
DA:193,1
DA:195,1
DA:196,0
DA:198,1
DA:211,2
DA:213,2
DA:216,2
DA:219,0
DA:222,2
DA:227,1
DA:229,1
DA:232,0
DA:235,1
LF:65
LH:56
BRDA:38,0,0,11
BRDA:38,0,1,0
BRDA:48,1,0,1
BRDA:51,2,0,1
BRDA:54,3,0,1
BRDA:59,4,0,1
BRDA:84,5,0,2
BRDA:84,5,1,0
BRDA:148,6,0,1
BRDA:148,6,1,1
BRDA:174,7,0,1
BRDA:174,7,1,1
BRDA:184,8,0,1
BRDA:184,8,1,0
BRDA:185,9,0,1
BRDA:185,9,1,0
BRDA:186,10,0,1
BRDA:186,10,1,0
BRDA:187,11,0,1
BRDA:187,11,1,0
BRDA:188,12,0,1
BRDA:188,12,1,1
BRDA:189,13,0,1
BRDA:189,13,1,0
BRDA:190,14,0,1
BRDA:190,14,1,1
BRDA:222,15,0,1
BRDA:222,15,1,1
BRF:28
BRH:21
end_of_record
TN:
SF:src/functions/api/routes/closures.ts
FN:25,jsonResponse
FN:34,parseBody
FN:36,(anonymous_2)
FN:37,(anonymous_3)
FN:45,validateCreateClosure
FN:68,(anonymous_5)
FN:81,(anonymous_6)
FN:94,(anonymous_7)
FN:99,(anonymous_8)
FN:106,(anonymous_9)
FN:117,(anonymous_10)
FN:122,(anonymous_11)
FN:127,(anonymous_12)
FN:136,(anonymous_13)
FN:156,(anonymous_14)
FN:157,(anonymous_15)
FN:159,(anonymous_16)
FN:166,(anonymous_17)
FN:174,(anonymous_18)
FN:178,(anonymous_19)
FN:180,(anonymous_20)
FN:189,(anonymous_21)
FN:197,(anonymous_22)
FN:200,(anonymous_23)
FN:204,(anonymous_24)
FN:206,(anonymous_25)
FN:211,(anonymous_26)
FN:231,(anonymous_27)
FN:232,(anonymous_28)
FN:234,(anonymous_29)
FN:243,(anonymous_30)
FN:251,(anonymous_31)
FN:255,(anonymous_32)
FN:257,(anonymous_33)
FN:262,(anonymous_34)
FN:264,(anonymous_35)
FN:268,(anonymous_36)
FN:271,(anonymous_37)
FNF:38
FNH:0
FNDA:0,jsonResponse
FNDA:0,parseBody
FNDA:0,(anonymous_2)
FNDA:0,(anonymous_3)
FNDA:0,validateCreateClosure
FNDA:0,(anonymous_5)
FNDA:0,(anonymous_6)
FNDA:0,(anonymous_7)
FNDA:0,(anonymous_8)
FNDA:0,(anonymous_9)
FNDA:0,(anonymous_10)
FNDA:0,(anonymous_11)
FNDA:0,(anonymous_12)
FNDA:0,(anonymous_13)
FNDA:0,(anonymous_14)
FNDA:0,(anonymous_15)
FNDA:0,(anonymous_16)
FNDA:0,(anonymous_17)
FNDA:0,(anonymous_18)
FNDA:0,(anonymous_19)
FNDA:0,(anonymous_20)
FNDA:0,(anonymous_21)
FNDA:0,(anonymous_22)
FNDA:0,(anonymous_23)
FNDA:0,(anonymous_24)
FNDA:0,(anonymous_25)
FNDA:0,(anonymous_26)
FNDA:0,(anonymous_27)
FNDA:0,(anonymous_28)
FNDA:0,(anonymous_29)
FNDA:0,(anonymous_30)
FNDA:0,(anonymous_31)
FNDA:0,(anonymous_32)
FNDA:0,(anonymous_33)
FNDA:0,(anonymous_34)
FNDA:0,(anonymous_35)
FNDA:0,(anonymous_36)
FNDA:0,(anonymous_37)
DA:2,3
DA:3,3
DA:4,3
DA:5,3
DA:6,3
DA:7,3
DA:8,3
DA:9,3
DA:10,3
DA:11,3
DA:26,0
DA:35,0
DA:36,0
DA:38,0
DA:46,0
DA:47,0
DA:51,0
DA:52,0
DA:53,0
DA:55,0
DA:56,0
DA:58,0
DA:59,0
DA:63,0
DA:66,3
DA:72,0
DA:73,0
DA:74,0
DA:75,0
DA:78,0
DA:79,0
DA:82,0
DA:92,0
DA:95,0
DA:96,0
DA:99,0
DA:104,0
DA:107,0
DA:115,0
DA:118,0
DA:119,0
DA:122,0
DA:131,0
DA:133,0
DA:137,0
DA:138,0
DA:140,0
DA:154,0
DA:156,0
DA:157,0
DA:159,0
DA:170,0
DA:172,0
DA:175,0
DA:178,0
DA:181,0
DA:193,0
DA:195,0
DA:198,0
DA:201,0
DA:204,0
DA:207,0
DA:212,0
DA:213,0
DA:215,0
DA:229,0
DA:231,0
DA:232,0
DA:234,0
DA:247,0
DA:249,0
DA:252,0
DA:255,0
DA:258,0
DA:263,0
DA:265,0
DA:268,0
DA:271,0
LF:78
LH:11
BRDA:36,0,0,0
BRDA:36,0,1,0
BRDA:46,1,0,0
BRDA:46,2,0,0
BRDA:46,2,1,0
BRDA:51,3,0,0
BRDA:52,4,0,0
BRDA:52,5,0,0
BRDA:52,5,1,0
BRDA:55,6,0,0
BRDA:55,7,0,0
BRDA:55,7,1,0
BRDA:58,8,0,0
BRDA:73,9,0,0
BRDA:73,9,1,0
BRDA:78,10,0,0
BRDA:78,11,0,0
BRDA:78,11,1,0
BRDA:92,12,0,0
BRDA:92,12,1,0
BRDA:115,13,0,0
BRDA:115,13,1,0
BRDA:146,14,0,0
BRDA:146,14,1,0
BRDA:147,15,0,0
BRDA:147,15,1,0
BRDA:181,16,0,0
BRDA:181,16,1,0
BRDA:207,17,0,0
BRDA:207,17,1,0
BRDA:212,18,0,0
BRDA:212,18,1,0
BRDA:213,19,0,0
BRDA:213,19,1,0
BRDA:218,20,0,0
BRDA:218,20,1,0
BRDA:219,21,0,0
BRDA:219,21,1,0
BRDA:220,22,0,0
BRDA:220,22,1,0
BRDA:221,23,0,0
BRDA:221,23,1,0
BRDA:221,24,0,0
BRDA:221,24,1,0
BRDA:222,25,0,0
BRDA:222,25,1,0
BRDA:222,26,0,0
BRDA:222,26,1,0
BRDA:258,27,0,0
BRDA:258,27,1,0
BRF:50
BRH:0
end_of_record
TN:
SF:src/functions/api/routes/employees.ts
FN:27,jsonResponse
FN:36,parseBody
FN:38,(anonymous_2)
FN:39,(anonymous_3)
FN:47,validateCreateEmployee
FN:65,(anonymous_5)
FN:73,(anonymous_6)
FN:84,(anonymous_7)
FN:89,(anonymous_8)
FN:94,(anonymous_9)
FN:103,(anonymous_10)
FN:121,(anonymous_11)
FN:122,(anonymous_12)
FN:124,(anonymous_13)
FN:131,(anonymous_14)
FN:139,(anonymous_15)
FN:143,(anonymous_16)
FN:145,(anonymous_17)
FN:154,(anonymous_18)
FN:162,(anonymous_19)
FN:166,(anonymous_20)
FN:170,(anonymous_21)
FN:172,(anonymous_22)
FN:177,(anonymous_23)
FN:194,(anonymous_24)
FN:195,(anonymous_25)
FN:197,(anonymous_26)
FN:206,(anonymous_27)
FN:215,(anonymous_28)
FN:219,(anonymous_29)
FN:221,(anonymous_30)
FN:226,(anonymous_31)
FN:228,(anonymous_32)
FN:232,(anonymous_33)
FN:235,(anonymous_34)
FNF:35
FNH:28
FNDA:6,jsonResponse
FNDA:8,parseBody
FNDA:8,(anonymous_2)
FNDA:1,(anonymous_3)
FNDA:5,validateCreateEmployee
FNDA:2,(anonymous_5)
FNDA:2,(anonymous_6)
FNDA:0,(anonymous_7)
FNDA:2,(anonymous_8)
FNDA:6,(anonymous_9)
FNDA:1,(anonymous_10)
FNDA:1,(anonymous_11)
FNDA:0,(anonymous_12)
FNDA:1,(anonymous_13)
FNDA:2,(anonymous_14)
FNDA:2,(anonymous_15)
FNDA:0,(anonymous_16)
FNDA:2,(anonymous_17)
FNDA:2,(anonymous_18)
FNDA:2,(anonymous_19)
FNDA:2,(anonymous_20)
FNDA:0,(anonymous_21)
FNDA:2,(anonymous_22)
FNDA:1,(anonymous_23)
FNDA:1,(anonymous_24)
FNDA:0,(anonymous_25)
FNDA:1,(anonymous_26)
FNDA:2,(anonymous_27)
FNDA:2,(anonymous_28)
FNDA:0,(anonymous_29)
FNDA:2,(anonymous_30)
FNDA:1,(anonymous_31)
FNDA:1,(anonymous_32)
FNDA:0,(anonymous_33)
FNDA:1,(anonymous_34)
DA:2,3
DA:3,3
DA:4,3
DA:5,3
DA:6,3
DA:7,3
DA:8,3
DA:9,3
DA:10,3
DA:11,3
DA:28,6
DA:37,8
DA:38,8
DA:40,1
DA:48,5
DA:49,1
DA:51,4
DA:52,1
DA:54,3
DA:55,1
DA:57,2
DA:58,1
DA:60,1
DA:63,3
DA:69,2
DA:71,2
DA:74,2
DA:82,2
DA:85,0
DA:86,0
DA:89,2
DA:98,6
DA:100,6
DA:104,1
DA:105,1
DA:119,1
DA:121,1
DA:122,0
DA:124,1
DA:135,2
DA:137,2
DA:140,2
DA:143,0
DA:146,2
DA:158,2
DA:160,2
DA:164,2
DA:167,2
DA:170,0
DA:173,2
DA:178,1
DA:192,1
DA:194,1
DA:195,0
DA:197,1
DA:210,2
DA:212,2
DA:216,2
DA:219,0
DA:222,2
DA:227,1
DA:229,1
DA:232,0
DA:235,1
LF:64
LH:56
BRDA:38,0,0,8
BRDA:38,0,1,0
BRDA:48,1,0,1
BRDA:51,2,0,1
BRDA:54,3,0,1
BRDA:57,4,0,1
BRDA:82,5,0,2
BRDA:82,5,1,0
BRDA:114,6,0,1
BRDA:114,6,1,1
BRDA:146,7,0,1
BRDA:146,7,1,1
BRDA:173,8,0,1
BRDA:173,8,1,1
BRDA:183,9,0,1
BRDA:183,9,1,1
BRDA:184,10,0,1
BRDA:184,10,1,0
BRDA:185,11,0,1
BRDA:185,11,1,0
BRDA:186,12,0,1
BRDA:186,12,1,1
BRDA:187,13,0,1
BRDA:187,13,1,0
BRDA:188,14,0,1
BRDA:188,14,1,0
BRDA:189,15,0,1
BRDA:189,15,1,0
BRDA:222,16,0,1
BRDA:222,16,1,1
BRF:30
BRH:23
end_of_record
TN:
SF:src/functions/api/routes/integrations.ts
FN:42,jsonResponse
FN:51,parseBody
FN:53,(anonymous_2)
FN:54,(anonymous_3)
FN:62,validateCreateIntegration
FN:81,isValidUrl
FN:92,(anonymous_6)
FN:100,(anonymous_7)
FN:111,(anonymous_8)
FN:120,(anonymous_9)
FN:122,(anonymous_10)
FN:132,(anonymous_11)
FN:141,(anonymous_12)
FN:163,(anonymous_13)
FN:164,(anonymous_14)
FN:171,(anonymous_15)
FN:191,(anonymous_16)
FN:199,(anonymous_17)
FN:203,(anonymous_18)
FN:210,(anonymous_19)
FN:222,(anonymous_20)
FN:230,(anonymous_21)
FN:234,(anonymous_22)
FN:238,(anonymous_23)
FN:245,(anonymous_24)
FN:250,(anonymous_25)
FN:277,(anonymous_26)
FN:279,(anonymous_27)
FN:286,(anonymous_28)
FN:300,(anonymous_29)
FN:309,(anonymous_30)
FN:313,(anonymous_31)
FN:320,(anonymous_32)
FN:325,(anonymous_33)
FN:327,(anonymous_34)
FN:331,(anonymous_35)
FN:339,(anonymous_36)
FN:344,(anonymous_37)
FN:353,(anonymous_38)
FN:357,(anonymous_39)
FN:364,(anonymous_40)
FN:369,(anonymous_41)
FN:376,(anonymous_42)
FN:386,(anonymous_43)
FN:393,(anonymous_44)
FNF:45
FNH:0
FNDA:0,jsonResponse
FNDA:0,parseBody
FNDA:0,(anonymous_2)
FNDA:0,(anonymous_3)
FNDA:0,validateCreateIntegration
FNDA:0,isValidUrl
FNDA:0,(anonymous_6)
FNDA:0,(anonymous_7)
FNDA:0,(anonymous_8)
FNDA:0,(anonymous_9)
FNDA:0,(anonymous_10)
FNDA:0,(anonymous_11)
FNDA:0,(anonymous_12)
FNDA:0,(anonymous_13)
FNDA:0,(anonymous_14)
FNDA:0,(anonymous_15)
FNDA:0,(anonymous_16)
FNDA:0,(anonymous_17)
FNDA:0,(anonymous_18)
FNDA:0,(anonymous_19)
FNDA:0,(anonymous_20)
FNDA:0,(anonymous_21)
FNDA:0,(anonymous_22)
FNDA:0,(anonymous_23)
FNDA:0,(anonymous_24)
FNDA:0,(anonymous_25)
FNDA:0,(anonymous_26)
FNDA:0,(anonymous_27)
FNDA:0,(anonymous_28)
FNDA:0,(anonymous_29)
FNDA:0,(anonymous_30)
FNDA:0,(anonymous_31)
FNDA:0,(anonymous_32)
FNDA:0,(anonymous_33)
FNDA:0,(anonymous_34)
FNDA:0,(anonymous_35)
FNDA:0,(anonymous_36)
FNDA:0,(anonymous_37)
FNDA:0,(anonymous_38)
FNDA:0,(anonymous_39)
FNDA:0,(anonymous_40)
FNDA:0,(anonymous_41)
FNDA:0,(anonymous_42)
FNDA:0,(anonymous_43)
FNDA:0,(anonymous_44)
DA:2,3
DA:3,3
DA:4,3
DA:5,3
DA:6,3
DA:7,3
DA:8,3
DA:13,3
DA:14,3
DA:20,3
DA:21,3
DA:43,0
DA:52,0
DA:53,0
DA:55,0
DA:65,0
DA:66,0
DA:70,0
DA:71,0
DA:78,0
DA:82,0
DA:83,0
DA:84,0
DA:86,0
DA:90,3
DA:96,0
DA:98,0
DA:101,0
DA:109,0
DA:112,0
DA:113,0
DA:122,0
DA:123,0
DA:124,0
DA:126,0
DA:136,0
DA:138,0
DA:142,0
DA:144,0
DA:145,0
DA:147,0
DA:161,0
DA:163,0
DA:165,0
DA:173,0
DA:174,0
DA:195,0
DA:197,0
DA:200,0
DA:204,0
DA:211,0
DA:212,0
DA:215,0
DA:216,0
DA:226,0
DA:228,0
DA:232,0
DA:235,0
DA:239,0
DA:246,0
DA:251,0
DA:261,0
DA:275,0
DA:278,0
DA:280,0
DA:287,0
DA:288,0
DA:304,0
DA:306,0
DA:310,0
DA:314,0
DA:321,0
DA:326,0
DA:328,0
DA:332,0
DA:339,0
DA:348,0
DA:350,0
DA:354,0
DA:358,0
DA:365,0
DA:371,0
DA:372,0
DA:374,0
DA:377,0
DA:387,0
DA:394,0
LF:87
LH:12
BRDA:53,0,0,0
BRDA:53,0,1,0
BRDA:65,1,0,0
BRDA:70,2,0,0
BRDA:70,3,0,0
BRDA:70,3,1,0
BRDA:109,4,0,0
BRDA:109,4,1,0
BRDA:154,5,0,0
BRDA:154,5,1,0
BRDA:155,6,0,0
BRDA:155,6,1,0
BRDA:211,7,0,0
BRDA:246,8,0,0
BRDA:246,8,1,0
BRDA:264,9,0,0
BRDA:264,9,1,0
BRDA:265,10,0,0
BRDA:265,10,1,0
BRDA:266,11,0,0
BRDA:266,11,1,0
BRDA:267,12,0,0
BRDA:267,12,1,0
BRDA:268,13,0,0
BRDA:268,13,1,0
BRDA:269,14,0,0
BRDA:269,14,1,0
BRDA:321,15,0,0
BRDA:321,15,1,0
BRDA:365,16,0,0
BRDA:365,16,1,0
BRF:31
BRH:0
end_of_record
TN:
SF:src/functions/api/routes/products.ts
FN:25,jsonResponse
FN:34,parseBody
FN:36,(anonymous_2)
FN:37,(anonymous_3)
FN:45,validateCreateProduct
FN:60,(anonymous_5)
FN:68,(anonymous_6)
FN:79,(anonymous_7)
FN:84,(anonymous_8)
FN:89,(anonymous_9)
FN:98,(anonymous_10)
FN:114,(anonymous_11)
FN:115,(anonymous_12)
FN:117,(anonymous_13)
FN:124,(anonymous_14)
FN:132,(anonymous_15)
FN:136,(anonymous_16)
FN:138,(anonymous_17)
FN:147,(anonymous_18)
FN:155,(anonymous_19)
FN:158,(anonymous_20)
FN:162,(anonymous_21)
FN:164,(anonymous_22)
FN:169,(anonymous_23)
FN:184,(anonymous_24)
FN:185,(anonymous_25)
FN:187,(anonymous_26)
FN:196,(anonymous_27)
FN:204,(anonymous_28)
FN:208,(anonymous_29)
FN:210,(anonymous_30)
FN:215,(anonymous_31)
FN:217,(anonymous_32)
FN:221,(anonymous_33)
FN:224,(anonymous_34)
FNF:35
FNH:0
FNDA:0,jsonResponse
FNDA:0,parseBody
FNDA:0,(anonymous_2)
FNDA:0,(anonymous_3)
FNDA:0,validateCreateProduct
FNDA:0,(anonymous_5)
FNDA:0,(anonymous_6)
FNDA:0,(anonymous_7)
FNDA:0,(anonymous_8)
FNDA:0,(anonymous_9)
FNDA:0,(anonymous_10)
FNDA:0,(anonymous_11)
FNDA:0,(anonymous_12)
FNDA:0,(anonymous_13)
FNDA:0,(anonymous_14)
FNDA:0,(anonymous_15)
FNDA:0,(anonymous_16)
FNDA:0,(anonymous_17)
FNDA:0,(anonymous_18)
FNDA:0,(anonymous_19)
FNDA:0,(anonymous_20)
FNDA:0,(anonymous_21)
FNDA:0,(anonymous_22)
FNDA:0,(anonymous_23)
FNDA:0,(anonymous_24)
FNDA:0,(anonymous_25)
FNDA:0,(anonymous_26)
FNDA:0,(anonymous_27)
FNDA:0,(anonymous_28)
FNDA:0,(anonymous_29)
FNDA:0,(anonymous_30)
FNDA:0,(anonymous_31)
FNDA:0,(anonymous_32)
FNDA:0,(anonymous_33)
FNDA:0,(anonymous_34)
DA:2,3
DA:3,3
DA:4,3
DA:5,3
DA:6,3
DA:7,3
DA:8,3
DA:9,3
DA:10,3
DA:11,3
DA:26,0
DA:35,0
DA:36,0
DA:38,0
DA:46,0
DA:47,0
DA:49,0
DA:50,0
DA:52,0
DA:53,0
DA:55,0
DA:58,3
DA:64,0
DA:66,0
DA:69,0
DA:77,0
DA:80,0
DA:81,0
DA:84,0
DA:93,0
DA:95,0
DA:99,0
DA:100,0
DA:112,0
DA:114,0
DA:115,0
DA:117,0
DA:128,0
DA:130,0
DA:133,0
DA:136,0
DA:139,0
DA:151,0
DA:153,0
DA:156,0
DA:159,0
DA:162,0
DA:165,0
DA:170,0
DA:182,0
DA:184,0
DA:185,0
DA:187,0
DA:200,0
DA:202,0
DA:205,0
DA:208,0
DA:211,0
DA:216,0
DA:218,0
DA:221,0
DA:224,0
LF:62
LH:11
BRDA:36,0,0,0
BRDA:36,0,1,0
BRDA:46,1,0,0
BRDA:49,2,0,0
BRDA:49,3,0,0
BRDA:49,3,1,0
BRDA:52,4,0,0
BRDA:52,5,0,0
BRDA:52,5,1,0
BRDA:77,6,0,0
BRDA:77,6,1,0
BRDA:107,7,0,0
BRDA:107,7,1,0
BRDA:139,8,0,0
BRDA:139,8,1,0
BRDA:165,9,0,0
BRDA:165,9,1,0
BRDA:175,10,0,0
BRDA:175,10,1,0
BRDA:176,11,0,0
BRDA:176,11,1,0
BRDA:177,12,0,0
BRDA:177,12,1,0
BRDA:178,13,0,0
BRDA:178,13,1,0
BRDA:179,14,0,0
BRDA:179,14,1,0
BRDA:211,15,0,0
BRDA:211,15,1,0
BRF:29
BRH:0
end_of_record
TN:
SF:src/functions/api/routes/reservations.ts
FN:65,jsonResponse
FN:74,parseBody
FN:76,(anonymous_2)
FN:77,(anonymous_3)
FN:85,validateCreateReservation
FN:108,getReservationsForDate
FN:113,(anonymous_6)
FN:124,(anonymous_7)
FN:132,checkEmployeeAvailability
FN:171,(anonymous_9)
FN:192,checkRoomAvailability
FN:201,(anonymous_11)
FN:208,(anonymous_12)
FN:225,checkClosures
FN:233,(anonymous_14)
FN:244,(anonymous_15)
FN:249,(anonymous_16)
FN:283,(anonymous_17)
FN:297,(anonymous_18)
FN:305,(anonymous_19)
FN:330,(anonymous_20)
FN:335,(anonymous_21)
FN:342,(anonymous_22)
FN:353,(anonymous_23)
FN:358,(anonymous_24)
FN:363,(anonymous_25)
FN:369,(anonymous_26)
FN:376,(anonymous_27)
FN:380,(anonymous_28)
FN:384,(anonymous_29)
FN:388,(anonymous_30)
FN:392,(anonymous_31)
FN:396,(anonymous_32)
FN:399,(anonymous_33)
FN:403,(anonymous_34)
FN:460,(anonymous_35)
FN:461,(anonymous_36)
FN:470,(anonymous_37)
FN:478,(anonymous_38)
FN:482,(anonymous_39)
FN:485,(anonymous_40)
FN:494,(anonymous_41)
FN:500,(anonymous_42)
FN:505,(anonymous_43)
FN:509,(anonymous_44)
FN:521,(anonymous_45)
FN:525,(anonymous_46)
FN:618,(anonymous_47)
FN:622,(anonymous_48)
FN:626,(anonymous_49)
FN:630,(anonymous_50)
FN:674,(anonymous_51)
FN:675,(anonymous_52)
FN:684,(anonymous_53)
FN:690,(anonymous_54)
FN:693,(anonymous_55)
FN:697,(anonymous_56)
FN:709,(anonymous_57)
FN:713,(anonymous_58)
FN:740,(anonymous_59)
FN:744,(anonymous_60)
FN:753,(anonymous_61)
FN:772,(anonymous_62)
FN:799,(anonymous_63)
FN:802,(anonymous_64)
FN:807,(anonymous_65)
FN:812,(anonymous_66)
FNF:67
FNH:0
FNDA:0,jsonResponse
FNDA:0,parseBody
FNDA:0,(anonymous_2)
FNDA:0,(anonymous_3)
FNDA:0,validateCreateReservation
FNDA:0,getReservationsForDate
FNDA:0,(anonymous_6)
FNDA:0,(anonymous_7)
FNDA:0,checkEmployeeAvailability
FNDA:0,(anonymous_9)
FNDA:0,checkRoomAvailability
FNDA:0,(anonymous_11)
FNDA:0,(anonymous_12)
FNDA:0,checkClosures
FNDA:0,(anonymous_14)
FNDA:0,(anonymous_15)
FNDA:0,(anonymous_16)
FNDA:0,(anonymous_17)
FNDA:0,(anonymous_18)
FNDA:0,(anonymous_19)
FNDA:0,(anonymous_20)
FNDA:0,(anonymous_21)
FNDA:0,(anonymous_22)
FNDA:0,(anonymous_23)
FNDA:0,(anonymous_24)
FNDA:0,(anonymous_25)
FNDA:0,(anonymous_26)
FNDA:0,(anonymous_27)
FNDA:0,(anonymous_28)
FNDA:0,(anonymous_29)
FNDA:0,(anonymous_30)
FNDA:0,(anonymous_31)
FNDA:0,(anonymous_32)
FNDA:0,(anonymous_33)
FNDA:0,(anonymous_34)
FNDA:0,(anonymous_35)
FNDA:0,(anonymous_36)
FNDA:0,(anonymous_37)
FNDA:0,(anonymous_38)
FNDA:0,(anonymous_39)
FNDA:0,(anonymous_40)
FNDA:0,(anonymous_41)
FNDA:0,(anonymous_42)
FNDA:0,(anonymous_43)
FNDA:0,(anonymous_44)
FNDA:0,(anonymous_45)
FNDA:0,(anonymous_46)
FNDA:0,(anonymous_47)
FNDA:0,(anonymous_48)
FNDA:0,(anonymous_49)
FNDA:0,(anonymous_50)
FNDA:0,(anonymous_51)
FNDA:0,(anonymous_52)
FNDA:0,(anonymous_53)
FNDA:0,(anonymous_54)
FNDA:0,(anonymous_55)
FNDA:0,(anonymous_56)
FNDA:0,(anonymous_57)
FNDA:0,(anonymous_58)
FNDA:0,(anonymous_59)
FNDA:0,(anonymous_60)
FNDA:0,(anonymous_61)
FNDA:0,(anonymous_62)
FNDA:0,(anonymous_63)
FNDA:0,(anonymous_64)
FNDA:0,(anonymous_65)
FNDA:0,(anonymous_66)
DA:2,3
DA:3,3
DA:4,3
DA:5,3
DA:6,3
DA:7,3
DA:8,3
DA:22,3
DA:23,3
DA:31,3
DA:66,0
DA:75,0
DA:76,0
DA:78,0
DA:86,0
DA:87,0
DA:89,0
DA:90,0
DA:92,0
DA:93,0
DA:95,0
DA:96,0
DA:98,0
DA:99,0
DA:101,0
DA:102,0
DA:104,0
DA:112,0
DA:114,0
DA:122,0
DA:125,0
DA:126,0
DA:141,0
DA:142,0
DA:144,0
DA:145,0
DA:153,0
DA:154,0
DA:155,0
DA:156,0
DA:157,0
DA:159,0
DA:160,0
DA:170,0
DA:172,0
DA:177,0
DA:178,0
DA:179,0
DA:188,0
DA:200,0
DA:202,0
DA:208,0
DA:209,0
DA:212,0
DA:213,0
DA:221,0
DA:231,0
DA:234,0
DA:242,0
DA:245,0
DA:246,0
DA:250,0
DA:251,0
DA:252,0
DA:261,0
DA:266,0
DA:276,0
DA:281,3
DA:287,0
DA:288,0
DA:289,0
DA:290,0
DA:291,0
DA:294,0
DA:295,0
DA:297,0
DA:302,0
DA:303,0
DA:307,0
DA:308,0
DA:309,0
DA:310,0
DA:311,0
DA:312,0
DA:316,0
DA:317,0
DA:318,0
DA:326,0
DA:328,0
DA:331,0
DA:332,0
DA:335,0
DA:340,0
DA:343,0
DA:351,0
DA:354,0
DA:355,0
DA:358,0
DA:367,0
DA:369,0
DA:370,0
DA:371,0
DA:374,0
DA:377,0
DA:381,0
DA:385,0
DA:389,0
DA:393,0
DA:396,0
DA:400,0
DA:404,0
DA:410,0
DA:411,0
DA:413,0
DA:414,0
DA:416,0
DA:417,0
DA:419,0
DA:420,0
DA:423,0
DA:424,0
DA:425,0
DA:428,0
DA:429,0
DA:432,0
DA:433,0
DA:434,0
DA:437,0
DA:438,0
DA:459,0
DA:460,0
DA:462,0
DA:465,0
DA:474,0
DA:476,0
DA:479,0
DA:483,0
DA:486,0
DA:498,0
DA:500,0
DA:501,0
DA:504,0
DA:506,0
DA:510,0
DA:513,0
DA:514,0
DA:517,0
DA:520,0
DA:522,0
DA:526,0
DA:529,0
DA:530,0
DA:533,0
DA:536,0
DA:537,0
DA:542,0
DA:543,0
DA:544,0
DA:555,0
DA:558,0
DA:559,0
DA:568,0
DA:569,0
DA:574,0
DA:575,0
DA:576,0
DA:586,0
DA:587,0
DA:588,0
DA:592,0
DA:597,0
DA:598,0
DA:599,0
DA:602,0
DA:603,0
DA:607,0
DA:608,0
DA:613,0
DA:614,0
DA:616,0
DA:619,0
DA:623,0
DA:627,0
DA:631,0
DA:636,0
DA:637,0
DA:639,0
DA:640,0
DA:643,0
DA:644,0
DA:646,0
DA:647,0
DA:648,0
DA:652,0
DA:673,0
DA:674,0
DA:676,0
DA:679,0
DA:688,0
DA:690,0
DA:692,0
DA:694,0
DA:698,0
DA:701,0
DA:702,0
DA:705,0
DA:708,0
DA:710,0
DA:714,0
DA:717,0
DA:718,0
DA:721,0
DA:727,0
DA:728,0
DA:729,0
DA:739,0
DA:741,0
DA:745,0
DA:748,0
DA:757,0
DA:758,0
DA:759,0
DA:760,0
DA:761,0
DA:762,0
DA:764,0
DA:765,0
DA:770,0
DA:774,0
DA:775,0
DA:776,0
DA:777,0
DA:778,0
DA:779,0
DA:783,0
DA:784,0
DA:785,0
DA:793,0
DA:797,0
DA:798,0
DA:799,0
DA:801,0
DA:802,0
DA:805,0
DA:808,0
DA:809,0
DA:812,0
LF:247
LH:11
BRDA:76,0,0,0
BRDA:76,0,1,0
BRDA:86,1,0,0
BRDA:89,2,0,0
BRDA:92,3,0,0
BRDA:95,4,0,0
BRDA:98,5,0,0
BRDA:98,6,0,0
BRDA:98,6,1,0
BRDA:101,7,0,0
BRDA:101,8,0,0
BRDA:101,8,1,0
BRDA:122,9,0,0
BRDA:122,9,1,0
BRDA:144,10,0,0
BRDA:144,11,0,0
BRDA:144,11,1,0
BRDA:153,12,0,0
BRDA:159,13,0,0
BRDA:159,14,0,0
BRDA:159,14,1,0
BRDA:172,15,0,0
BRDA:172,15,1,0
BRDA:172,15,2,0
BRDA:178,16,0,0
BRDA:202,17,0,0
BRDA:202,17,1,0
BRDA:202,17,2,0
BRDA:212,18,0,0
BRDA:242,19,0,0
BRDA:242,19,1,0
BRDA:251,20,0,0
BRDA:254,21,0,0
BRDA:254,21,1,0
BRDA:261,22,0,0
BRDA:262,23,0,0
BRDA:262,23,1,0
BRDA:262,23,2,0
BRDA:269,24,0,0
BRDA:269,24,1,0
BRDA:288,25,0,0
BRDA:288,25,1,0
BRDA:294,26,0,0
BRDA:302,27,0,0
BRDA:302,28,0,0
BRDA:302,28,1,0
BRDA:326,29,0,0
BRDA:326,29,1,0
BRDA:351,30,0,0
BRDA:351,30,1,0
BRDA:410,31,0,0
BRDA:413,32,0,0
BRDA:416,33,0,0
BRDA:419,34,0,0
BRDA:486,35,0,0
BRDA:486,35,1,0
BRDA:513,36,0,0
BRDA:529,37,0,0
BRDA:536,38,0,0
BRDA:542,39,0,0
BRDA:546,40,0,0
BRDA:546,40,1,0
BRDA:555,41,0,0
BRDA:555,41,1,0
BRDA:555,41,2,0
BRDA:555,41,3,0
BRDA:558,42,0,0
BRDA:558,43,0,0
BRDA:558,43,1,0
BRDA:568,44,0,0
BRDA:574,45,0,0
BRDA:578,46,0,0
BRDA:578,46,1,0
BRDA:586,47,0,0
BRDA:586,47,1,0
BRDA:587,48,0,0
BRDA:587,48,1,0
BRDA:592,49,0,0
BRDA:592,49,1,0
BRDA:592,49,2,0
BRDA:592,49,3,0
BRDA:592,49,4,0
BRDA:592,49,5,0
BRDA:592,49,6,0
BRDA:592,49,7,0
BRDA:597,50,0,0
BRDA:598,51,0,0
BRDA:598,51,1,0
BRDA:599,52,0,0
BRDA:599,52,1,0
BRDA:602,53,0,0
BRDA:607,54,0,0
BRDA:636,55,0,0
BRDA:639,56,0,0
BRDA:657,57,0,0
BRDA:657,57,1,0
BRDA:658,58,0,0
BRDA:658,58,1,0
BRDA:661,59,0,0
BRDA:661,59,1,0
BRDA:662,60,0,0
BRDA:662,60,1,0
BRDA:663,61,0,0
BRDA:663,61,1,0
BRDA:664,62,0,0
BRDA:664,62,1,0
BRDA:665,63,0,0
BRDA:665,63,1,0
BRDA:666,64,0,0
BRDA:666,64,1,0
BRDA:701,65,0,0
BRDA:717,66,0,0
BRDA:727,67,0,0
BRDA:731,68,0,0
BRDA:731,68,1,0
BRDA:758,69,0,0
BRDA:758,69,1,0
BRDA:764,70,0,0
BRDA:764,71,0,0
BRDA:764,71,1,0
BRDA:793,72,0,0
BRDA:793,72,1,0
BRDA:798,73,0,0
BRDA:801,74,0,0
BRF:124
BRH:0
end_of_record
TN:
SF:src/functions/api/routes/rooms.ts
FN:26,jsonResponse
FN:35,parseBody
FN:37,(anonymous_2)
FN:38,(anonymous_3)
FN:46,validateCreateRoom
FN:64,(anonymous_5)
FN:72,(anonymous_6)
FN:83,(anonymous_7)
FN:88,(anonymous_8)
FN:93,(anonymous_9)
FN:102,(anonymous_10)
FN:119,(anonymous_11)
FN:120,(anonymous_12)
FN:122,(anonymous_13)
FN:129,(anonymous_14)
FN:137,(anonymous_15)
FN:141,(anonymous_16)
FN:143,(anonymous_17)
FN:152,(anonymous_18)
FN:160,(anonymous_19)
FN:163,(anonymous_20)
FN:167,(anonymous_21)
FN:169,(anonymous_22)
FN:174,(anonymous_23)
FN:190,(anonymous_24)
FN:191,(anonymous_25)
FN:193,(anonymous_26)
FN:202,(anonymous_27)
FN:210,(anonymous_28)
FN:214,(anonymous_29)
FN:216,(anonymous_30)
FN:221,(anonymous_31)
FN:223,(anonymous_32)
FN:227,(anonymous_33)
FN:230,(anonymous_34)
FNF:35
FNH:27
FNDA:7,jsonResponse
FNDA:8,parseBody
FNDA:8,(anonymous_2)
FNDA:0,(anonymous_3)
FNDA:6,validateCreateRoom
FNDA:2,(anonymous_5)
FNDA:2,(anonymous_6)
FNDA:0,(anonymous_7)
FNDA:2,(anonymous_8)
FNDA:6,(anonymous_9)
FNDA:2,(anonymous_10)
FNDA:2,(anonymous_11)
FNDA:0,(anonymous_12)
FNDA:2,(anonymous_13)
FNDA:2,(anonymous_14)
FNDA:2,(anonymous_15)
FNDA:0,(anonymous_16)
FNDA:2,(anonymous_17)
FNDA:2,(anonymous_18)
FNDA:2,(anonymous_19)
FNDA:2,(anonymous_20)
FNDA:0,(anonymous_21)
FNDA:2,(anonymous_22)
FNDA:1,(anonymous_23)
FNDA:1,(anonymous_24)
FNDA:0,(anonymous_25)
FNDA:1,(anonymous_26)
FNDA:2,(anonymous_27)
FNDA:2,(anonymous_28)
FNDA:0,(anonymous_29)
FNDA:2,(anonymous_30)
FNDA:1,(anonymous_31)
FNDA:1,(anonymous_32)
FNDA:0,(anonymous_33)
FNDA:1,(anonymous_34)
DA:2,3
DA:3,3
DA:4,3
DA:5,3
DA:6,3
DA:7,3
DA:8,3
DA:9,3
DA:10,3
DA:11,3
DA:27,7
DA:36,8
DA:37,8
DA:39,0
DA:47,6
DA:48,1
DA:50,5
DA:51,2
DA:53,3
DA:54,0
DA:56,3
DA:57,1
DA:59,2
DA:62,3
DA:68,2
DA:70,2
DA:73,2
DA:81,2
DA:84,0
DA:85,0
DA:88,2
DA:97,6
DA:99,6
DA:103,2
DA:104,2
DA:117,2
DA:119,2
DA:120,0
DA:122,2
DA:133,2
DA:135,2
DA:138,2
DA:141,0
DA:144,2
DA:156,2
DA:158,2
DA:161,2
DA:164,2
DA:167,0
DA:170,2
DA:175,1
DA:188,1
DA:190,1
DA:191,0
DA:193,1
DA:206,2
DA:208,2
DA:211,2
DA:214,0
DA:217,2
DA:222,1
DA:224,1
DA:227,0
DA:230,1
LF:64
LH:54
BRDA:37,0,0,8
BRDA:37,0,1,0
BRDA:47,1,0,1
BRDA:50,2,0,2
BRDA:50,3,0,5
BRDA:50,3,1,4
BRDA:53,4,0,0
BRDA:53,5,0,3
BRDA:53,5,1,2
BRDA:56,6,0,1
BRDA:56,7,0,3
BRDA:56,7,1,2
BRDA:81,8,0,2
BRDA:81,8,1,0
BRDA:108,9,0,2
BRDA:108,9,1,1
BRDA:110,10,0,2
BRDA:110,10,1,1
BRDA:112,11,0,2
BRDA:112,11,1,1
BRDA:144,12,0,1
BRDA:144,12,1,1
BRDA:170,13,0,1
BRDA:170,13,1,1
BRDA:180,14,0,1
BRDA:180,14,1,1
BRDA:181,15,0,1
BRDA:181,15,1,0
BRDA:182,16,0,1
BRDA:182,16,1,0
BRDA:183,17,0,1
BRDA:183,17,1,1
BRDA:184,18,0,1
BRDA:184,18,1,0
BRDA:185,19,0,1
BRDA:185,19,1,0
BRDA:217,20,0,1
BRDA:217,20,1,1
BRF:38
BRH:31
end_of_record
TN:
SF:src/functions/api/routes/services.ts
FN:33,jsonResponse
FN:42,parseBody
FN:44,(anonymous_2)
FN:45,(anonymous_3)
FN:53,validateCreateService
FN:77,(anonymous_5)
FN:85,(anonymous_6)
FN:96,(anonymous_7)
FN:101,(anonymous_8)
FN:106,(anonymous_9)
FN:115,(anonymous_10)
FN:139,(anonymous_11)
FN:140,(anonymous_12)
FN:142,(anonymous_13)
FN:149,(anonymous_14)
FN:157,(anonymous_15)
FN:161,(anonymous_16)
FN:163,(anonymous_17)
FN:172,(anonymous_18)
FN:180,(anonymous_19)
FN:183,(anonymous_20)
FN:187,(anonymous_21)
FN:189,(anonymous_22)
FN:194,(anonymous_23)
FN:217,(anonymous_24)
FN:218,(anonymous_25)
FN:220,(anonymous_26)
FN:229,(anonymous_27)
FN:237,(anonymous_28)
FN:241,(anonymous_29)
FN:243,(anonymous_30)
FN:248,(anonymous_31)
FN:250,(anonymous_32)
FN:254,(anonymous_33)
FN:257,(anonymous_34)
FNF:35
FNH:0
FNDA:0,jsonResponse
FNDA:0,parseBody
FNDA:0,(anonymous_2)
FNDA:0,(anonymous_3)
FNDA:0,validateCreateService
FNDA:0,(anonymous_5)
FNDA:0,(anonymous_6)
FNDA:0,(anonymous_7)
FNDA:0,(anonymous_8)
FNDA:0,(anonymous_9)
FNDA:0,(anonymous_10)
FNDA:0,(anonymous_11)
FNDA:0,(anonymous_12)
FNDA:0,(anonymous_13)
FNDA:0,(anonymous_14)
FNDA:0,(anonymous_15)
FNDA:0,(anonymous_16)
FNDA:0,(anonymous_17)
FNDA:0,(anonymous_18)
FNDA:0,(anonymous_19)
FNDA:0,(anonymous_20)
FNDA:0,(anonymous_21)
FNDA:0,(anonymous_22)
FNDA:0,(anonymous_23)
FNDA:0,(anonymous_24)
FNDA:0,(anonymous_25)
FNDA:0,(anonymous_26)
FNDA:0,(anonymous_27)
FNDA:0,(anonymous_28)
FNDA:0,(anonymous_29)
FNDA:0,(anonymous_30)
FNDA:0,(anonymous_31)
FNDA:0,(anonymous_32)
FNDA:0,(anonymous_33)
FNDA:0,(anonymous_34)
DA:2,3
DA:3,3
DA:4,3
DA:5,3
DA:6,3
DA:7,3
DA:8,3
DA:9,3
DA:10,3
DA:11,3
DA:34,0
DA:43,0
DA:44,0
DA:46,0
DA:54,0
DA:55,0
DA:57,0
DA:58,0
DA:60,0
DA:61,0
DA:63,0
DA:64,0
DA:66,0
DA:67,0
DA:69,0
DA:70,0
DA:72,0
DA:75,3
DA:81,0
DA:83,0
DA:86,0
DA:94,0
DA:97,0
DA:98,0
DA:101,0
DA:110,0
DA:112,0
DA:116,0
DA:117,0
DA:137,0
DA:139,0
DA:140,0
DA:142,0
DA:153,0
DA:155,0
DA:158,0
DA:161,0
DA:164,0
DA:176,0
DA:178,0
DA:181,0
DA:184,0
DA:187,0
DA:190,0
DA:195,0
DA:215,0
DA:217,0
DA:218,0
DA:220,0
DA:233,0
DA:235,0
DA:238,0
DA:241,0
DA:244,0
DA:249,0
DA:251,0
DA:254,0
DA:257,0
LF:68
LH:11
BRDA:44,0,0,0
BRDA:44,0,1,0
BRDA:54,1,0,0
BRDA:57,2,0,0
BRDA:57,3,0,0
BRDA:57,3,1,0
BRDA:60,4,0,0
BRDA:60,5,0,0
BRDA:60,5,1,0
BRDA:63,6,0,0
BRDA:63,7,0,0
BRDA:63,7,1,0
BRDA:66,8,0,0
BRDA:66,9,0,0
BRDA:66,9,1,0
BRDA:69,10,0,0
BRDA:69,11,0,0
BRDA:69,11,1,0
BRDA:94,12,0,0
BRDA:94,12,1,0
BRDA:124,13,0,0
BRDA:124,13,1,0
BRDA:125,14,0,0
BRDA:125,14,1,0
BRDA:126,15,0,0
BRDA:126,15,1,0
BRDA:127,16,0,0
BRDA:127,16,1,0
BRDA:128,17,0,0
BRDA:128,17,1,0
BRDA:129,18,0,0
BRDA:129,18,1,0
BRDA:130,19,0,0
BRDA:130,19,1,0
BRDA:131,20,0,0
BRDA:131,20,1,0
BRDA:132,21,0,0
BRDA:132,21,1,0
BRDA:164,22,0,0
BRDA:164,22,1,0
BRDA:190,23,0,0
BRDA:190,23,1,0
BRDA:200,24,0,0
BRDA:200,24,1,0
BRDA:201,25,0,0
BRDA:201,25,1,0
BRDA:202,26,0,0
BRDA:202,26,1,0
BRDA:203,27,0,0
BRDA:203,27,1,0
BRDA:204,28,0,0
BRDA:204,28,1,0
BRDA:205,29,0,0
BRDA:205,29,1,0
BRDA:206,30,0,0
BRDA:206,30,1,0
BRDA:207,31,0,0
BRDA:207,31,1,0
BRDA:208,32,0,0
BRDA:208,32,1,0
BRDA:209,33,0,0
BRDA:209,33,1,0
BRDA:210,34,0,0
BRDA:210,34,1,0
BRDA:211,35,0,0
BRDA:211,35,1,0
BRDA:212,36,0,0
BRDA:212,36,1,0
BRDA:244,37,0,0
BRDA:244,37,1,0
BRF:70
BRH:0
end_of_record
TN:
SF:src/functions/integration-api/index.ts
FN:74,matchRoute
FN:84,(anonymous_1)
FN:97,parseAuthHeader
FN:123,validateIntegration
FN:159,hasPermission
FN:163,handler
FN:236,(anonymous_6)
FNF:7
FNH:0
FNDA:0,matchRoute
FNDA:0,(anonymous_1)
FNDA:0,parseAuthHeader
FNDA:0,validateIntegration
FNDA:0,hasPermission
FNDA:0,handler
FNDA:0,(anonymous_6)
DA:2,0
DA:3,0
DA:4,0
DA:5,0
DA:6,0
DA:9,0
DA:10,0
DA:11,0
DA:28,0
DA:78,0
DA:79,0
DA:81,0
DA:82,0
DA:83,0
DA:84,0
DA:85,0
DA:87,0
DA:90,0
DA:102,0
DA:103,0
DA:104,0
DA:107,0
DA:108,0
DA:109,0
DA:110,0
DA:113,0
DA:128,0
DA:129,0
DA:133,0
DA:134,0
DA:137,0
DA:140,0
DA:141,0
DA:145,0
DA:146,0
DA:149,0
DA:151,0
DA:152,0
DA:160,0
DA:163,0
DA:167,0
DA:168,0
DA:170,0
DA:173,0
DA:175,0
DA:176,0
DA:184,0
DA:185,0
DA:186,0
DA:199,0
DA:200,0
DA:201,0
DA:214,0
DA:215,0
DA:228,0
DA:231,0
DA:233,0
DA:236,0
DA:240,0
LF:59
LH:0
BRDA:79,0,0,0
BRDA:82,1,0,0
BRDA:102,2,0,0
BRDA:102,2,1,0
BRDA:103,3,0,0
BRDA:109,4,0,0
BRDA:133,5,0,0
BRDA:140,6,0,0
BRDA:145,7,0,0
BRDA:160,8,0,0
BRDA:160,8,1,0
BRDA:175,9,0,0
BRDA:185,10,0,0
BRDA:200,11,0,0
BRDA:214,12,0,0
BRDA:214,13,0,0
BRDA:214,13,1,0
BRF:17
BRH:0
end_of_record
TN:
SF:src/functions/integration-api/routes/reservations.ts
FN:56,jsonResponse
FN:65,parseBody
FN:67,(anonymous_2)
FN:68,(anonymous_3)
FN:87,(anonymous_4)
FN:97,(anonymous_5)
FN:112,(anonymous_6)
FN:115,(anonymous_7)
FN:118,(anonymous_8)
FN:121,(anonymous_9)
FN:125,(anonymous_10)
FN:131,(anonymous_11)
FN:140,(anonymous_12)
FN:158,(anonymous_13)
FN:167,(anonymous_14)
FN:195,(anonymous_15)
FN:199,(anonymous_16)
FN:203,(anonymous_17)
FN:210,(anonymous_18)
FN:218,(anonymous_19)
FN:223,(anonymous_20)
FN:237,(anonymous_21)
FN:238,(anonymous_22)
FN:252,(anonymous_23)
FN:289,(anonymous_24)
FN:291,(anonymous_25)
FN:298,(anonymous_26)
FN:321,(anonymous_27)
FN:330,(anonymous_28)
FN:334,(anonymous_29)
FN:341,(anonymous_30)
FN:359,(anonymous_31)
FN:368,(anonymous_32)
FN:372,(anonymous_33)
FN:376,(anonymous_34)
FN:383,(anonymous_35)
FN:388,(anonymous_36)
FN:426,(anonymous_37)
FN:428,(anonymous_38)
FN:435,(anonymous_39)
FNF:40
FNH:0
FNDA:0,jsonResponse
FNDA:0,parseBody
FNDA:0,(anonymous_2)
FNDA:0,(anonymous_3)
FNDA:0,(anonymous_4)
FNDA:0,(anonymous_5)
FNDA:0,(anonymous_6)
FNDA:0,(anonymous_7)
FNDA:0,(anonymous_8)
FNDA:0,(anonymous_9)
FNDA:0,(anonymous_10)
FNDA:0,(anonymous_11)
FNDA:0,(anonymous_12)
FNDA:0,(anonymous_13)
FNDA:0,(anonymous_14)
FNDA:0,(anonymous_15)
FNDA:0,(anonymous_16)
FNDA:0,(anonymous_17)
FNDA:0,(anonymous_18)
FNDA:0,(anonymous_19)
FNDA:0,(anonymous_20)
FNDA:0,(anonymous_21)
FNDA:0,(anonymous_22)
FNDA:0,(anonymous_23)
FNDA:0,(anonymous_24)
FNDA:0,(anonymous_25)
FNDA:0,(anonymous_26)
FNDA:0,(anonymous_27)
FNDA:0,(anonymous_28)
FNDA:0,(anonymous_29)
FNDA:0,(anonymous_30)
FNDA:0,(anonymous_31)
FNDA:0,(anonymous_32)
FNDA:0,(anonymous_33)
FNDA:0,(anonymous_34)
FNDA:0,(anonymous_35)
FNDA:0,(anonymous_36)
FNDA:0,(anonymous_37)
FNDA:0,(anonymous_38)
FNDA:0,(anonymous_39)
DA:2,0
DA:3,0
DA:4,0
DA:5,0
DA:6,0
DA:7,0
DA:11,0
DA:12,0
DA:13,0
DA:14,0
DA:20,0
DA:57,0
DA:66,0
DA:67,0
DA:69,0
DA:75,0
DA:92,0
DA:93,0
DA:95,0
DA:99,0
DA:108,0
DA:111,0
DA:112,0
DA:114,0
DA:115,0
DA:117,0
DA:118,0
DA:120,0
DA:121,0
DA:123,0
DA:124,0
DA:125,0
DA:129,0
DA:132,0
DA:133,0
DA:141,0
DA:163,0
DA:165,0
DA:169,0
DA:170,0
DA:174,0
DA:175,0
DA:179,0
DA:180,0
DA:184,0
DA:185,0
DA:193,0
DA:196,0
DA:200,0
DA:204,0
DA:211,0
DA:212,0
DA:216,0
DA:220,0
DA:224,0
DA:225,0
DA:236,0
DA:237,0
DA:239,0
DA:246,0
DA:250,0
DA:253,0
DA:254,0
DA:257,0
DA:258,0
DA:259,0
DA:260,0
DA:261,0
DA:265,0
DA:287,0
DA:290,0
DA:292,0
DA:299,0
DA:326,0
DA:328,0
DA:331,0
DA:335,0
DA:342,0
DA:364,0
DA:366,0
DA:370,0
DA:373,0
DA:377,0
DA:384,0
DA:389,0
DA:402,0
DA:403,0
DA:405,0
DA:424,0
DA:427,0
DA:429,0
DA:436,0
LF:92
LH:0
BRDA:67,0,0,0
BRDA:67,0,1,0
BRDA:93,1,0,0
BRDA:93,1,1,0
BRDA:108,2,0,0
BRDA:108,2,1,0
BRDA:111,3,0,0
BRDA:114,4,0,0
BRDA:117,5,0,0
BRDA:120,6,0,0
BRDA:123,7,0,0
BRDA:169,8,0,0
BRDA:174,9,0,0
BRDA:179,10,0,0
BRDA:184,11,0,0
BRDA:184,12,0,0
BRDA:184,12,1,0
BRDA:211,13,0,0
BRDA:220,14,0,0
BRDA:220,14,1,0
BRDA:254,15,0,0
BRDA:254,15,1,0
BRDA:342,16,0,0
BRDA:342,16,1,0
BRDA:384,17,0,0
BRDA:384,17,1,0
BRDA:402,18,0,0
BRDA:402,18,1,0
BRDA:403,19,0,0
BRDA:403,19,1,0
BRDA:413,20,0,0
BRDA:413,20,1,0
BRDA:414,21,0,0
BRDA:414,21,1,0
BRDA:415,22,0,0
BRDA:415,22,1,0
BRDA:416,23,0,0
BRDA:416,23,1,0
BRF:38
BRH:0
end_of_record
TN:
SF:src/functions/integration-api/routes/verify.ts
FN:20,jsonResponse
FN:55,(anonymous_1)
FN:62,(anonymous_2)
FN:63,(anonymous_3)
FN:65,(anonymous_4)
FNF:5
FNH:0
FNDA:0,jsonResponse
FNDA:0,(anonymous_1)
FNDA:0,(anonymous_2)
FNDA:0,(anonymous_3)
FNDA:0,(anonymous_4)
DA:2,0
DA:3,0
DA:21,0
DA:28,0
DA:60,0
DA:62,0
DA:63,0
DA:66,0
DA:67,0
DA:74,0
DA:75,0
DA:84,0
DA:85,0
DA:86,0
DA:88,0
DA:89,0
DA:90,0
DA:91,0
DA:92,0
DA:93,0
DA:97,0
DA:98,0
DA:107,0
DA:108,0
DA:109,0
DA:110,0
DA:121,0
LF:27
LH:0
BRDA:62,0,0,0
BRDA:62,0,1,0
BRDA:66,1,0,0
BRDA:74,2,0,0
BRDA:90,3,0,0
BRDA:90,3,1,0
BRDA:92,4,0,0
BRDA:97,5,0,0
BRDA:97,6,0,0
BRDA:97,6,1,0
BRDA:109,7,0,0
BRF:11
BRH:0
end_of_record
TN:
SF:src/functions/integration-api/routes/webhook.ts
FN:21,jsonResponse
FN:42,(anonymous_1)
FN:50,(anonymous_2)
FNF:3
FNH:0
FNDA:0,jsonResponse
FNDA:0,(anonymous_1)
FNDA:0,(anonymous_2)
DA:2,0
DA:3,0
DA:22,0
DA:29,0
DA:47,0
DA:51,0
DA:57,0
DA:62,0
DA:67,0
DA:68,0
DA:70,0
DA:76,0
DA:77,0
DA:83,0
DA:84,0
DA:88,0
LF:16
LH:0
BRDA:51,0,0,0
BRDA:51,0,1,0
BRDA:57,1,0,0
BRDA:57,2,0,0
BRDA:57,2,1,0
BRDA:68,3,0,0
BRDA:68,3,1,0
BRDA:76,4,0,0
BRF:8
BRH:0
end_of_record
TN:
SF:src/functions/trigger/index.ts
FN:18,handler
FNF:1
FNH:0
FNDA:0,handler
DA:2,0
DA:18,0
DA:22,0
DA:24,0
DA:26,0
DA:27,0
DA:28,0
DA:31,0
DA:32,0
DA:39,0
DA:41,0
DA:46,0
DA:47,0
LF:13
LH:0
BRDA:26,0,0,0
BRDA:26,1,0,0
BRDA:26,1,1,0
BRDA:26,1,2,0
BRDA:36,2,0,0
BRDA:36,2,1,0
BRDA:49,3,0,0
BRDA:49,3,1,0
BRF:8
BRH:0
end_of_record
TN:
SF:src/functions/trigger/handlers/send-webhook.ts
FN:35,sendToIntegration
FN:115,getIntegrationsForSpa
FN:136,sendWebhook
FN:149,(anonymous_3)
FN:159,(anonymous_4)
FN:168,(anonymous_5)
FN:169,(anonymous_6)
FN:185,createWebhookEvent
FNF:8
FNH:0
FNDA:0,sendToIntegration
FNDA:0,getIntegrationsForSpa
FNDA:0,sendWebhook
FNDA:0,(anonymous_3)
FNDA:0,(anonymous_4)
FNDA:0,(anonymous_5)
FNDA:0,(anonymous_6)
FNDA:0,createWebhookEvent
DA:1,0
DA:2,0
DA:3,0
DA:39,0
DA:40,0
DA:43,0
DA:44,0
DA:48,0
DA:53,0
DA:56,0
DA:64,0
DA:74,0
DA:75,0
DA:78,0
DA:80,0
DA:82,0
DA:94,0
DA:95,0
DA:102,0
DA:104,0
DA:105,0
DA:116,0
DA:117,0
DA:126,0
DA:128,0
DA:129,0
DA:136,0
DA:137,0
DA:140,0
DA:142,0
DA:143,0
DA:144,0
DA:148,0
DA:149,0
DA:152,0
DA:153,0
DA:154,0
DA:158,0
DA:160,0
DA:161,0
DA:168,0
DA:169,0
DA:171,0
DA:173,0
DA:185,0
DA:194,0
LF:46
LH:0
BRDA:39,0,0,0
BRDA:43,1,0,0
BRDA:48,2,0,0
BRDA:49,3,0,0
BRDA:49,3,1,0
BRDA:49,3,2,0
BRDA:94,4,0,0
BRDA:107,5,0,0
BRDA:107,5,1,0
BRDA:126,6,0,0
BRDA:126,6,1,0
BRDA:142,7,0,0
BRDA:149,8,0,0
BRDA:149,8,1,0
BRDA:152,9,0,0
BRF:15
BRH:0
end_of_record
